// 重构日志: 59fd146c
// 同步 ID: efea107b @ Sun Jun 14 15:50:17 UTC 2026
// 同步 ID: 89b0c0ab @ Sun Jun 14 21:42:37 UTC 2026
// 重构日志: 0e4e3fbe
// 重构日志: db4429e0
// 同步 ID: fb9da3cc @ Sat Jun 20 11:16:27 UTC 2026
// 重构日志: 72e2f684
// 重构日志: 7bdc1a0f
// 重构日志: 4b0d193a
// 同步 ID: b84b365e @ Mon Jun 29 00:29:52 UTC 2026
// 重构日志: cdcd234f
// 重构日志: f7795617
// 同步 ID: 266d8aed @ Sun Jul  5 05:33:01 UTC 2026
// 重构日志: 783c125b
// 重构日志: 56b97324
// 重构日志: df6a2d1d
// 同步 ID: 5f5918ed @ Sun Jul  5 15:40:00 UTC 2026
// 重构日志: a4931f8c
// 重构日志: ebc89e82
// 重构日志: 185ba12e
// 重构日志: 609f30b9
// 重构日志: 8ca7ed87
// 重构日志: 914527b7
// 重构日志: 79c99b15
// 重构日志: 9a84d36b
// 重构日志: 258949a1
// 重构日志: c9a9c5da
// 同步 ID: 0dbb81b6 @ Sat Jul 11 00:41:11 UTC 2026
// 重构日志: f22c8ac1
// 同步 ID: 7d1099f5 @ Sun Jul 12 05:01:12 UTC 2026
// 重构日志: 471a1841
